XXXXXXXXXXXXXXXXXXXXXXXXXXXXXXXXXXXXXXXXX
XXXXXXXXXXXXXXXXXXXXXXXXXXXXXXXXX******FX
XXXXXXXXXXXXXXXXXXXXXXXXXXXXXXXXX*XXXXXXX
XXXXXXXXXXXXXXXXXXXXXXXXXXXXXXXXX*XXXXXXX
XXXXXXXXXXXXXXXXXXXXXXXXXXXXXXXXX*XXXXXXX
XXXXXXXXXXXXXXXXXXXXXXXXXXXXXXXXX*X***XXX
XXXXXXXXXXXXXXXXXXXXXXXXXXXXXXXXX*X*X*XXX
XXXXXXXXXXXXXXXXXXXXXXXXXXXXXXXXX***X*XXX
XXXXXXXXXXXXXXXXXXXXXXXXXXXXXXXXXXXXX*XXX
XXXXXXXXXXXXXXXXXXXXXXXXXXXXXXXXXXXXX*XXX
XXXXXXXXXXXXXXXXXXXXXXXXXXXXXXXXXXXXX*XXX
XXXXXXXXXXXXXXXXXXXXXXXXXXXXXXXXXXXXX*XXX
XXXXXXXXXXXXXXXXXXXXXXXXXXXXXXXXXXXXX*XXX
XXXXXXXXXXXXXXXXXXXXXXXXXXXXXXXXX*****XXX
XXXXXXXXXXXXXXXXXXXXXXXXXXXXXXXXX*XXXXXXX
XXXXXXXXXXXXXXXXXXXXXXXXXXXXXXXXX*XXXXXXX
XXXXXXXXXXXXXXXXXXXXXXXXXXXXXXXXX*XXXXXXX
XXXXXXXXXXXXXXXXXXXXXXXXXXXXXXXXX*XXXXXXX
XXXXXXXXXXXXXXXXXXXXXXXXXXXXXXXXX*XXXXXXX
XXXXXXXXXXXXXXXXXXXXXXXXXXXXXXXXX*XXXXXXX
XXXXXXXXXXXXXXXXXXXXXXXXXXXXXXXXX*XXXXXXX
XXXXXXXXXXXXXXXXXXXXXXXXXXXXXXX***XXXXXXX
XXXXXXXXXXXXXXXXXXXXXXXXXXXXXXX*XXXXXXXXX
XXXXXXXXXXXXXXXXXXXXXXXXXXX*****XXXXXXXXX
XXXXXXXXXXXXXXXXXXXXXXXXXXX*XXXXXXXXXXXXX
XXXXXXXXXXXXXXXXXXXXXXXXXXX*XXXXXXXXXXXXX
XXXXXXXXXXXXXXXXXXXXXXXXXXX*XXXXXXXXXXXXX
XXXXXXXXXXXXXXXXXXXXXXXXXXX***XXXXXXXXXXX
XXXXXXXXXXXXXXXXXXXXXXXXXXXXX*XXXXXXXXXXX
XXXXXXXXXXXXXXXXXXXXXXXXXXX***XXXXXXXXXXX
XXXXXXXXXXXXXXXXXXXXXXXXXXX*XXXXXXXXXXXXX
XXXXXXXXXXXXXXXXX*****X*****XXXXXXXXXXXXX
XXXXXXXXXXXXXXXXX*XXX*X*XXXXXXXXXXXXXXXXX
XXXXXXXXXXXXXXXXX*XXX***XXXXXXXXXXXXXXXXX
XXXXXXXXXXXXXXXXX*XXXXXXXXXXXXXXXXXXXXXXX
XXXXXXXXXXX*******XXXXXXXXXXXXXXXXXXXXXXX
XXXXXXXXXXX*XXXXXXXXXXXXXXXXXXXXXXXXXXXXX
XXXXXXXXXXX*XXXXXXXXXXXXXXXXXXXXXXXXXXXXX
XXXXXXXXXXX*XXXXXXXXXXXXXXXXXXXXXXXXXXXXX
XB**********XXXXXXXXXXXXXXXXXXXXXXXXXXXXX
XXXXXXXXXXXXXXXXXXXXXXXXXXXXXXXXXXXXXXXXX
