XXXXXXXXXXXXXXXXXXXXXXXXXXXXXXX
X X   X       X X X   X   X X X
X X XXXXXXX X X X X X X X X X X
X   X X     X   X X X   X X   X
X XXX X X XXX X X XXX X X X XXX
X X     X X   X X X   XBX     X
X X XXX XXX X XXX XXX XXXXX X X
X X X X X X X       X   X X X X
X X X X X XXX XXX XXXXX X XXX X
X X X X X   X   X   X     X X X
X X X X X XXXXXXXXX X XXXXX X X
X   X X   X X   X X     X X   X
X XXX X XXX XXX X XXXXXXX X XXX
X   X X       X     X X       X
XXX X X XXX XXXXXXX X XXXXX XXX
X X     X X X     X X         X
X X X XXX X X XXX X X XXXXXXXXX
X X X   X X     X   X X X     X
X XXXXXXX XXXXXXXXX X X X X X X
X X   X   X X X X   X     X X X
X XXX X XXX X X X X X XXXXXXX X
X               X X   X X X X X
X XXXXX X XXX X X X XXX X X X X
X     X X X X X X X X     X   X
X XXXXX XXX X XXX X X XXXXX XXX
X     X           X X   X X X X
X XXX XXX XXX XXX X X XXX X X X
X X XFX X X X   X X           X
X X XXX XXX X X XXX X X X X X X
X   X         X   X X X X X X X
XXXXXXXXXXXXXXXXXXXXXXXXXXXXXXX
