XXXXXXXXXXXXXXXXXXXXXXXXXXXXXXX
XXXXXXXXXXX   XXXXXXXXX***XXXXX
XXXXXXXXXXX X XXXXXXXXX*X*XXXXX
XXXXXXX     X XXXXXXX  *X*XXXXX
XXXXXXX XXXXX XXXXXXX X*X*XXXXX
XXX     XXXXX XXXXXXX XBX*****X
XXX XXX XXXXX XXXXXXX XXXXXXX*X
XXX XXX XXXXX     XXX   XXXXX*X
XXX XXX XXXXXXXXX XXXXX XXXXX*X
XXX XXX XXXXXXXXX   X   XXXXX*X
XXX XXX XXXXXXXXXXX X XXXXXXX*X
X   XXX XXXXXXXXXXX   XXXXX***X
X XXXXX XXXXXXXXXXXXXXXXXXX*XXX
X   XXX     XXXXXXXXXXXXXXX*XXX
XXX XXX XXX XXXXXXXXXXXXXXX*XXX
XXX     XXX X     XXX*******XXX
XXXXXXXXXXX X XXX XXX*XXXXXXXXX
XXXXXXXXXXX   XXX   X*XXX     X
XXXXXXXXXXXXXXXXXXX X*XXX XXX X
XXXXXXXXXXXXXXXXX***X*    XXX X
XXXXXXXXXXXXXXXXX*X*X*XXXXXXX X
X*************XXX*X***XXXXXXX X
X*XXXXX XXXXX*XXX*X XXXXXXXXX X
X*XXXXX XXXXX*XXX*X XXXXXXX   X
X*XXXXX XXXXX*XXX*X XXXXXXX XXX
X*****X      *****X XXXXXXX XXX
XXXXX*XXXXXXXXXXXXX XXXXXXX XXX
XXXXXFXXXXXXXXXXXXX         XXX
XXXXXXXXXXXXXXXXXXXXXXXXXXXXXXX
XXXXXXXXXXXXXXXXXXXXXXXXXXXXXXX
XXXXXXXXXXXXXXXXXXXXXXXXXXXXXXX
