XXXXXXXXXXXXXXXXXXXXXXXXXXXXXXX
XXXXXXXXXXXXXXXXXXXXXXXXXXXXXFX
XXXXXXXXXXXXXXXXXXXXXXXXXXXXX*X
XXXXXXXXXXXXXXXXXXXXXXXXXXX***X
XXXXXXXXXXXXXXXXXXXXXXXXXXX*XXX
XXXXXXXXXXXXXXXXXXXXXXXXXXX***X
XXXXXXXXXXXXXXXXXXXXXXXXXXXXX*X
XXXXXXXXXXXXXXXXXXXXXXXXXXXXX*X
XXXXXXXXXXXXXXXXXXXXXXXXXXXXX*X
XXXXXXXXXXXXXXXXXXXXXXXXXXXXX*X
XXXXXXXXXXXXXXXXXXXXXXXXXXXXX*X
XXXXXXXXXXXXXXXXXXXXXXXXXXX***X
XXXXXXXXXXXXXXXXXXXXXXXXXXX*XXX
XXXXXXXXXXXXXXXXXXXXXXXXXXX*XXX
XXXXXXXXXXXXXXXXXXXXXXXXXXX*XXX
XXXXXXXXXXXXXXXXXXXXX*******XXX
XXXXXXXXXXXXXXXXXXXXX*XXXXXXXXX
XXXXXXXXXXXXXXXXXXXXX*XXXXXXXXX
XXXXXXXXXXXXXXXXXXXXX*XXXXXXXXX
XXXXXXXXXXXXXXXXX***X*XXXXXXXXX
XXXXXXXXXXXXXXXXX*X*X*XXXXXXXXX
X*************XXX*X***XXXXXXXXX
X*XXXXXXXXXXX*XXX*XXXXXXXXXXXXX
X*XXXXXXXXXXX*XXX*XXXXXXXXXXXXX
X*XXXXXXXXXXX*XXX*XXXXXXXXXXXXX
X*XXXXXXXXXXX*****XXXXXXXXXXXXX
X*XXXXXXXXXXXXXXXXXXXXXXXXXXXXX
X*XXXXXXXXXXXXXXXXXXXXXXXXXXXXX
X*XXXXXXXXXXXXXXXXXXXXXXXXXXXXX
XBXXXXXXXXXXXXXXXXXXXXXXXXXXXXX
XXXXXXXXXXXXXXXXXXXXXXXXXXXXXXX
