XXXXXXXXXXXXXXXXXXXXXXXXXXXXXXXXXXXXXXXXX
XXX       XXXXXXXXXXXXXXXXXXXXXXXXXXXXXXX
XXX XXXXX XXXXXXXXXXXXXXXXXXXXXXXXXXXXXXX
X   XXXXX XXXXXXXXXXXXXXXXXXXXXXXXXXXXXXX
X XXXXXXX XXXXXXXXXXXXXXXXXXXXXXXXXXXXXXX
X X     X XXXXXXXXXXXXXXXXXXXXXXXXXXXXXXX
X X XXX X XXXXXXXXXXXXXXXXXXXXXXXXXXXXXXX
X   XXX X XXX     XXXXXXXXXXXXXXXXXXXXXXX
XXXXXXX X XXX XXX XXXXXXXXXXXXXXXXXXXXXXX
XXX   X X     XXX XXXXXXXXXXXXXXXXXXXXXXX
XXX X X X XXXXXXX XXXXXXXXXXXXXXXXXXXXXXX
XXX X X X XXXXXXX   XXXXXXXXXXX       XXX
XXX X X X XXXXXXXXX XXXXXXXXXXX XXXXX XXX
XXX X   X XXXXXXXXX   XXXXX     X     XXX
XXX XXXXX XXXXXXXXXXX XXXXX XXXXX XXXXXXX
XXX   XXX XXXXXXXXXXX XXXXX X***X XXXXXXX
XXX X XXX XXXXXXXXXXX XXXXX X*X*X XXXXXXX
XXX X     XXXXXXXXXXX XXXXX X*XFX XXXXXXX
XXX XXXXX XXXXXXXXXXX XXXXX X*XXX XXXXXXX
XXX XXXXX XXXXXXXXX   XXXXX  ***X XXXXXXX
XXX XXXXX XXXXXXXXX XXXXXXXXXXX*X XXXXXXX
XXX XXX   XXXXXXXXX XXXXXXXXXXX*  XXXXXXX
XXX XXX XXXXXXXXXXX XXXXXXXXXXX*XXXXXXXXX
XXX XXX XXXXXXXXXXX XXXXXXX*****XXXXXXXXX
XXX XXX XXXXXXXXXXX XXXXXXX*XXXXXXXXXXXXX
XXX     XXXXXXXXXXX   XXXXX*XXXXXXXXXXXXX
XXXXXXX XXXXXXXXXXXXX XXXXX*XXXXXXXXXXXXX
XXXXXXX XXXXXXXXXXXXX   XXX***XXXXXXXXXXX
XXXXXXX XXXXXXXXXXXXXXX XXXXX*XXXXXXXXXXX
XXXXX   XXXXXXXXXXXXXXX XXX***XXXXXXXXXXX
XXXXX XXXXXXXXXXXXXXXXX XXX*XXXXXXXXXXXXX
XXXXX XXXXXXXXXXX*****X*****XXXXXXXXXXXXX
XXXXX XXXXXXXXXXX*XXX*X*XXXXXXXXXXXXXXXXX
XXXXX XXXBXXXXXXX*XXX***XXXXXXXXXXXXXXXXX
XXXXX XXX*XXXXXXX*XXXXXXXXXXXXXXXXXXXXXXX
XXXXX XXX*X*******XXXXXXXXXXXXXXXXXXXXXXX
XXXXX XXX*X*XXXXXXXXXXXXXXXXXXXXXXXXXXXXX
XXXXX XXX*X*XXXXXXXXXXXXXXXXXXXXXXXXXXXXX
XXXXX XXX*X*XXXXXXXXXXXXXXXXXXXXXXXXXXXXX
XXXXX    ***XXXXXXXXXXXXXXXXXXXXXXXXXXXXX
XXXXXXXXXXXXXXXXXXXXXXXXXXXXXXXXXXXXXXXXX
