XXXXXXXXXXXXXXXXXXXXXXXXXXXXXXXXXXXXXXXXXXXXXXXXXXXXXXXXXXXXX
XXXXXXXXXXXXXXXXXXXXXXXXXXXXXXXXXXX***********X       XXXXXXX
XXXXXXXXXXXXXXXXXXXXXXXXXXXXXXXXXXX*XXXXXXXXX*X XXXXX XXXXXXX
XXXXXXXXXXXXXXXXXXXXXXXXXXXXXXX***X*XXXXXXXXX******BX XXXXXXX
XXXXXXXXXXXXXXXXXXXXXXXXXXXXXXX*X*X*XXXXXXXXXXXXXXXXX XXXXXXX
XXXXXXXXXXXXXXXXXXXXXXXXXXXXX***X***XXXXXXXXXXXXXXXXX XXXXXXX
XXXXXXXXXXXXXXXXXXXXXXXXXXXXX*XXXXXXXXXXXXXXXXXXXXXXX XXXXXXX
XXXXXXXXXXXXXXXXXXXXXXXXXXX***XXXXXXXXXXXXXXXXXXXXXXX XXXXXXX
XXXXXXXXXXXXXXXXXXXXXXXXXXX*X XXXXXXXXXXXXXXXXXXXXXXX XXXXXXX
XXXXXXXXXXXXXXXXXXXXXXXXXXX*X XXXXXXXXXXXXXXXXXXXXXXX   XXXXX
XXXXXXXXXXXXXXXXXXXXXXXXXXX*X XXXXXXXXXXXXXXXXXXXXXXXXX XXXXX
XXXXXXXXXXXXXXXXXXXXX*******X XXXXXXXXXXXXXXXXXXXXXXXXX XXXXX
XXXXXXXXXXXXXXXXXXXXX*XXXXXXX XXXXXXXXXXXXXXXXXXXXXXXXX XXXXX
XXXXXXXXXXXXXXXXX*****XXXXXXX       XXXXXXXXXXXXXXXXX   XXXXX
XXXXXXXXXXXXXXXXX*XXXXXXXXXXXXXXXXX XXXXXXXXXXXXXXXXX XXXXXXX
XXXXXXXXXXXXXXX***XXXXXXXXXXXXXXXXX XXXXXXXXXXX       XXXXXXX
XXXXXXXXXXXXXXX*XXXXXXXXXXXXXXXXXXX XXXXXXXXXXX XXXXXXXXXXXXX
XXXXXXXXXXXXX***XXXXXXXXXXXXXXXXXXX XXXXXXXXXXX XXXXXXXXXXXXX
XXXXXXXXXXXXX*XXXXXXXXXXXXXXXXXXXXX XXXXXXXXXXX XXXXXXXXXXXXX
XXXXXXXXXXX***XXXXXXXXXXXXXXXXXXXXX XXXXXXXXXXX XXXXXXXXXXXXX
XXXXXXXXXXX*XXXXXXXXXXXXXXXXXXXXXXX XXXXXXXXXXX XXXXXXXXXXXXX
XXXXXXXXXXX*XXXXXXXXXXXXXXXXXXXXXXX XXXXXXXXXXX   XXX   XXXXX
XXXXXXXXXXX*XXXXXXXXXXXXXXXXXXXXXXX XXXXXXXXXXXXX XXX X XXXXX
XXXXXXXXX***XXXXXXXXXXXXXXXXXXXXXXX XXXXXXXXXXXXX     X XXXXX
XXXXXXXXX*XXXXXXXXXXXXXXXXXXXXXXXXX XXXXXXXXXXXXX XXXXX XXXXX
XXXXXXX  *XXXXXXXXXXXXXXXXXXXXXXXXX       XXXXXXX XXXXX XXXXX
XXXXXXX X*XXXXXXXXXXXXXXXXXXXXXXXXXXXXXXX XXXXXXX XXXXX XXXXX
XXXXXXX X***XXXXXXXXXXXXXXXXXXXXXXXXXXX   XXXXXXX XXX   XXXXX
XXXXXXX XXX*XXXXXXXXXXXXXXXXXXXXXXXXXXX XXXXXXXXX XXX XXXXXXX
XXXXXXX XXX*****XXXXXXXXXXXXXXXXX       XXXXXXXXX XXX XXXXXXX
XXXXXXX XXXXXXX*XXXXXXXXXXXXXXXXX XXXXX XXXXXXXXX XXX XXXXXXX
XXXXXXX XXXXXXX*XXXXXXXXXXXXXXXXX XXXXX XXXXXXX   XXX XXXXXXX
XXXXXXX XXXXXXX*XXXXXXXXXXXXXXXXX XXXXX XXXXXXX XXXXX XXXXXXX
XXXXXXX XXXXXXX*XXXXXXXXXXXXXXX   XXXXX   XXXXX       XXXXXXX
XXXXXXX XXXXXXX*XXXXXXXXXXXXXXX XXXXXXXXX XXXXXXX XXXXXXXXXXX
XXXXXXX XXXXX***XXXXXXXXXXXXXXX XXXXXXXXX         XXXXXXXXXXX
XXXXXXX XXXXX*XXXXXXXXXXXXXXXXX XXXXXXXXXXXXXXXXXXXXXXXXXXXXX
XXXXXXX XXXXX*XXXXXXX     XXXXX XXXXXXXXXXXXXXXXXXXXXXXXXXXXX
XXXXXXX XXXXX*XXXXXXX XXX XXXXX XXXXXXXXXXXXXXXXXXXXXXXXXXXXX
XXXXXXX XXXXX*XXXXXXX X   XXXXX XXXXXXXXXXXXXXXXXXXXXXXXXXXXX
XXXXXXX XXXXX*XXXXXXX X XXXXXXX XXXXXXXXXXXXXXXXXXXXXXXXXXXXX
XXX   X XXXXX*XXXXX   X         XXXXXXXXXXXXXXXXXXXXXXXXXXXXX
XXX X X XXXXX*XXXXX XXXXXXXXXXXXXXXXXXXXXXXXXXXXXXXXXXXXXXXXX
XXX X   XXXXX*X     XXXXXXXXXXXXXXXXXXXXXXXXXXXXXXXXXXXXXXXXX
XXX XXXXXXXXX*X XXXXXXXXXXXXXXXXXXXXXXXXXXXXXXXXXXXXXXXXXXXXX
XXX XXXXXXXXX*****XXXXXXXXXXXXXXXXXXXXXXXXXXXXXXXXXXXXXXXXXXX
XXX XXXXXXXXXXXXX*XXXXXXXXXXXXXXXXXXXXXXXXXXXXXXXXXXXXXXXXXXX
XXX XXX          *XXXXXXXXXXXXXXXXXXXXXXXXXXXXXXXXXXXXXXXXXXX
XXX XXX XXXXXXXXX*XXXXXXXXXXXXXXXXXXXXXXX XXXXXXXXXXXXXXXXXXX
X   XXX XXX***X***XXXXXXXXXXXXXXXXXXXXXXXXXXXXXXXXXXXXXXXXXXX
X XXXXX XXX*X*X*XXXXXXXXXXXXXXXXXXXXXXXXXXXXXXXXXXXXXXXXXXXXX
X X     XXX*XFX*XXXXXXXXXXXXXXXXXXXXXXXXXXXXXXXXXXXXXXXXXXXXX
X X XXXXXXX*XXX*XXXXXXXXXXXXXXXXXXXXXXXXXXXXXXXXXXXXXXXXXXXXX
X X XXXXX  *****XXXXXXXXXXXXXXXXXXXXXXXXXXXXXXXXXXXXXXXXXXXXX
X X XXXXX XXXXXXXXXXXXXXXXXXXXXXXXXXXXXXXXXXXXXXXXXXXXXXXXXXX
X   XXX   XXXXXXXXXXXXXXXXXXXXXXXXXXXXXXXXXXXXXXXXXXXXXXXXXXX
X XXXXX XXXXXXXXXXXXXXXXXXXXXXXXXXXXXXXXXXXXXXXXXXXXXXXXXXXXX
X XXX   XXXXXXXXXXXXXXXXXXXXXXXXXXXXXXXXXXXXXXXXXXXXXXXXXXXXX
X XXX XXXXXXXXXXXXXXXXXXXXXXXXXXXXXXXXXXXXXXXXXXXXXXXXXXXXXXX
X     XXXXXXXXXXXXXXXXXXXXXXXXXXXXXXXXXXXXXXXXXXXXXXXXXXXXXXX
XXXXXXXXXXXXXXXXXXXXXXXXXXXXXXXXXXXXXXXXXXXXXXXXXXXXXXXXXXXXX
