XXXXXXXXXXXXXXXXXXXXXXXXXXXXXXXXXXXXXXXXXXXXXXXXXXXXXXXXXXXXXXXXXXXXXXXXXXXXXXXXXXXXXXXXXXXXXXXXXXXXX
XXXXXXXXXXXXXXXXXXXXXXXXXXXXXXXXXXXXX   XXXXXXXXXXXXXXXXXXXXXXXXXXXXXXXXXXXXXXXXXXXXXXXXXXXXXXXXXXXXX
XXXXXXXXXXXXXXXXXXXXXXXXXXXXXXXXXXXXX X XXXXXXXXXXXXXXXXXXXXXXXXXXXXXXXXXXXXXXXXXXXXXXXXXXXXXXXXXXXXX
XXXXXXXXXXXXXXXXXXXXXXXXXXXXXXXXXXXXX X         XXXXXXXXXXXXXXXXXXXXXXXXXXXXXXXXXXXXXXXXXXXXXXXXXXXXX
XXXXXXXXXXXXXXXXXXXXXXXXXXXXXXXXXXXXX XXXXXXXXX XXXXXXXXXXXXXXXXXXXXXXXXXXXXXXXXXXXXXXXXXXXXXXXXXXXXX
XXXXXXXXXXXXXXXXXXXXXXXXXXXXXXXXXXXXX   XXXXXXX XXXXXXXXXXXXXXXXXXXXXXXXXXXXXXXXXXXXXXXXXXXXXXXXXXXXX
XXXXXXXXXXXXXXXXXXXXXXXXXXXXXXXXXXXXXXX XXXXXXX XXXXXXXXXXXXXXXXXXXXXXXXXXXXXXXXXXXXXXXXXXXXXXXXXXXXX
XXXXXXXXXXXXXXXXXXXXXXXXXXXXXXXXXXXXX   XXXXXXX     X   XXXXXXXXXXXXXXXXXXXXXXXXXXXXXXXXXXXXXXXXXXXXX
XXXXXXXXXXXXXXXXXXXXXXXXXXXXXXXXXXXXX XXXXXXXXXXXXX X X XXXXXXXXXXXXXXXXXXXXXXXXXXXXXXXXXXXXXXXXXXXXX
XXXXXXXXXXXXXXXXXXXXXXXXXXXXXXXXX     XXXXXXXXXXXXX   X XXXXXXXXXXXXXXXXXXXXXXXXXXXXXXXXXXXXXXXXXXXXX
XXXXXXXXXXXXXXXXXXXXXXXXXXXXXXXXX XXXXXXXXXXXXXXXXXXXXX XXXXXXXXXXXXXXXXXXXXXXXXXXXXXXXXXXXXXXXXXXXXX
XXXXXXXXXXXXXXXXXXXXXXXXXXXXXXXXX XXX     XXXXXXXXXXXXX XXXXXXXXXXX   XXXXXXXXX   XXXXXXXXXXXXXXXXXXX
XXXXXXXXXXXXXXXXXXXXXXXXXXXXXXXXX XXX XXX XXXXXXXXXXXXX XXXXXXXXXXX X XXXXXXXXX X XXXXXXXXXXXXXXXXXXX
XXXXXXXXXXXXXXXXXXXXXXXXXXX   X       XXX   XXXXXXXXXXX X   XXXXXXX X   XXXXX   X XXXXXXXXXXXXXXXXXXX
XXXXXXXXXXXXXXXXXXXXXXXXXXX X X XXXXXXXXXXX XXXXXXXXXXX X X XXXXXXX XXX XXXXX XXX XXXXXXXXXXXXXXXXXXX
XXXXXXXXXXXXXXXXXXXXXXXXXXX X   XXXXXXXXXXX     XXXXXXX   X XXXXXXX XXX X     XXX XXXXXXXXXXXXXXXXXXX
XXXXXXXXXXXXXXXXXXXXXXXXXXX XXXXXXXXXXXXXXXXXXX XXXXXXXXXXX XXXXXXX XXX X XXXXXXX XXXXXXXXXXXXXXXXXXX
XXXXXXXXXXXXXXXXXXXXXXXXXXX XXXXXXXXXXXXXXXXXXX   XXXXXXXXX       X   X   XXXXXXX   XXXXXXXXXXXXXXXXX
XXXXXXXXXXXXXXXXXXXXXXXXXXX XXXXXXXXXXXXXXXXXXXXX XXXXXXXXX XXXXX XXX XXXXXXXXXXXXX XXXXXXXXXXXXXXXXX
XXXXXXXXXXXXXXXXXXXXXXXXXXX XXXXXXXXXXXXXXXXXXXXX     XXX   XXXXX     XXX       XXX     XXXXXXXXXXXXX
XXXXXXXXXXXXXXXXXXXXXXXXXXX XXXXXXXXXXXXXXXXXXXXXXXXX XXX XXXXXXXXXXXXXXX XXXXX XXX XXX XXXXXXXXXXXXX
XXXXXXXXXXXXXXXXXXXXXXXXX***XXXXXXXXXXXXXXXXXXXXXXXXX XXX XXXXXXXXXXXXX***XXX       XXX   XXXXXXXXXXX
XXXXXXXXXXXXXXXXXXXXXXXXX*X*XXXXXXXXXXXXXXXXXXXXXXXXX XXX XXXXXXXXXXXXX*X*XXX XXXXXXXXXXX XXXXXXXXXXX
XXXXXXXXXXXXXXXXXXXXXXXXX*X*XXXXXXXXXXXXXXXXXXXXXXXXX XXX XXXXXXXXXXXXX*X*XXX   XXXXXXXXX     XXXXXXX
XXXXXXXXXXXXXXXXXXXXXXXXX*X*XXXXXXXXXXXXXXXXXXXXXXXXX XXX XXXXXXXXXXXXX*X*XXXXX XXXXXXXXXXXXX XXXXXXX
XXXXXXXXXXXXXXXXXXXXXXXXX*X*XXXXXXXXXXXXXXXXXXXXXXXXX   X XXXXXXXXXXX***X***XFX XXXXXXXXXXXXX XXXXXXX
XXXXXXXXXXXXXXXXXXXXXXXXX*X*XXXXXXXXXXXXXXXXXXXXXXXXXXX X XXXXXXXXXXX*XXXXX*X*X XXXXXXXXXXXXX XXXXXXX
XXXXXXXXXXXXXXXXXXXXXXX***X*XXXXXXXXXXXXXXXXXXXXXXXXXXX X XXXXXXXXXXX*XXXXX***X XXXXXXXXXXXXX XXXXXXX
XXXXXXXXXXXXXXXXXXXXXXX*XXX*XXXXXXXXXXXXXXXXXXXXXXXXXXX X XXXXXXXXXXX*XXXXXXXXX XXXXXXXXXXXXX XXXXXXX
XXXXXXXXXXXXXXXXXXXXXXX*XXX***XXXXXXXXXXXXXXXXXXXXXXXXX   XXXXXXXXXXX*****      XXXXXXXXXXXXX XXXXXXX
XXXXXXXXXXXXXXXXXXXXXXX*XXXXX*XXXXXXXXXXXXXXXXXXXXXXXXXXXXXXXXXXXXXXXXXXX*XXXXXXXXXXXXXXXXXXX XXXXXXX
XXXXXXXXXXXXXXXXXXXXXXX*X*****XXXXXXXXXXXXXXXXXXXXXXXXXXXXXXXXXXXXXXXXXXX*XXXXXXXXXXXXXXXXXXX XXXXXXX
XXXXXXXXXXXXXXXXXXXXXXX*X*XXXXXXXXXXXXXXXXXXXXXXXXXXXXXXXXXXXXXXXXXXXXXXX*XXXXXXXXXXXXXXXXXXX XXXXXXX
XXXXXXXXXXXXXXXXXXXXX***X***XXXXXXXXXXXXXXXXXXXXXXXXXXXXXXXXXXXXXXXXXXX***XXXXXXXXXXXXXXXXXXX XXXXXXX
XXXXXXXXXXXXXXXXXXXXX*XXXXX*XXXXXXXXXXXXXXXXXXXXXXXXXXXXXXXXXXXXXXXXXXX*XXXXXXXXXXXXXXXXXXXXX XXXXXXX
XXXXXXXXXXXXXXXXXXXXX*XXXXX*********XXXXXXXXXXXXXXXXXXXXXXX*************XXXXXXXXXXXXXXXXXXXXX   XXXXX
XXXXXXXXXXXXXXXXXXXXX*XXXXXXXXXXXXX*XXXXXXXXXXXXXXXXXXXXXXX*XXXXXXXXXXXXXXXXXXXXXXXXXXXXXXXXXXX XXXXX
XXXXXXXXXXXXX      ***XXXXXXXXXXXXX*XXXXXXXXXXXXXXXXXXXXXXX*XXXXXXXXXXXXXXXXXXXXXXXXXXXXXXXXXXX   XXX
XXXXXXXXXXXXX XXXXX*XXXXXXXXXXXXXXX*XXXXXXXXXXXXXXXXXXXXXXX*XXXXXXXXXXXXXXXXXXXXXXXXXXXXXXXXXXXXX XXX
XXXXXXXXXXXXX XXXXX*XXXXXXXXXXXXXXX*XXXXXXXXXXXXXXXXXXXXXXX*XXXXXXXXXXXXXXXXXXXXXXXXXXXXXXXXXXX   XXX
XXXXXXXXXXXXX XXXXX*XXXXXXXXXXXXXXX*XXXXXXXXXXXXXXXXXXXXXXX*XXXXXXXXXXXXXXXXXXXXXXXXXXXXXXXXXXX XXXXX
XXX       XXX X*****XXXXXXXXXXXXXXX***XXXXXXXXXXXXXXXXX*****XXXXXXXXXXXXXXXXXXXXXXXXXXXXXXX     XXXXX
XXX XXXXX XXX X*XXXXXXXXXXXXXXXXXXXXX*XXXXXXXXXXXXXXXXX*XXXXXXXXXXXXXXXXXXXXXXXXXXXXXXXXXXX XXXXXXXXX
XXX XXXXX XXX X*XXXXXXXXXXXXXXXXXXXXX***XXXXXXXXXXXXXXX*XXXXXXXXXXXXXXXXXXXXXXXXXXXXXXXXXXX XXXXXXXXX
XXX XXXXX XXX X*XXXXXXXXXXXXXXXXXXXXXXX*XXXXXXXXXXXXXXX*XXXXXXXXXXXXXXXXXXXXXXXXXXXXXXXXXXX XXXXXXXXX
XXX XXXXX X   X*XXXXXXXXXXXXXXXXXXXXXXX*****X***XXXXXXX*XXXXXXXXXXXXXXXXXXXXXXXXXXXXXXXXXXX XXXXXXXXX
XXX XXXXX X X X*XXXXXXXXXXXXXXXXXXXXXXXXXXX*X*X*XXXXXXX*XXXXXXXXXXXXXXXXXXXXXXXXXXXXXXXXXXX XXXXXXXXX
X   XXXXX   X X*XXXXXXXXXXXXXXXXXXXXXXXXXXX***X***X*****XXXXXXXXXXXXXXXXXXXXXXXXXXXXXXXXX   XXXXXXXXX
X XXXXXXXXXXX X*XXXXXXXXXXXXXXXXXXXXXXXXXXXXXXXXX*X*XXXXXXXXXXXXXXXXXXXXXXXXXXXXXXXXXXXXX XXXXXXXXXXX
X XXXXXXXXXXX X*XXXXX***************XXXXXXXXXXXXX***XXXXXXXXXXXXXXXXXXXXXXXXXXXXXXXXXXXXX       X   X
X XXXXXXXXXXX X*XXXXX*XXXXXXXXXXXXX*XXXXXXXXXXXXXXXXXXXXXXXXXXXXXXXXXXXXXXXXXXXXXXXXXXXXXXXXXXX X X X
X XXXXXXXXXXX  *******XXXXXXXXXXXXX*XXXXXXXXXXXXXXXXXXXXXXXXXXXXXXXXXXXXXXXXXXXXXXXXXXXXXXXXXXX   X X
X XXXXXXXXXXXXXXXXXXXXXXXXXXXXXXXXX*XXXXXXXXXXXXXXXXXXXXXXXXXXXXXXXXXXXXXXXXXXXXXXXXXXXXXXXXXXXXXXX X
X   XXXXXXXXXXXXXXXXXXXXXXXXXXXXX***XXXXXXXXXXXXXXXXXXXXXXXXXXXXXXXXXXXXXXXXXXXXXXXXXXXXXXXXXXXXXXX X
XXX XXXXXXXXXXXXXXXXXXXXXXXXXXXXX*XXXXXXXXXXXXXXXXXXXXXXXXXXXXXXXXXXXXXXXXXXXXXXXXXXXXXXXXXXXXXXXXX X
XXX     XXXXXXXXXXXXXXXXXXXXXXXXX*XXX***XXXXXXXXXXXXXXXXXXXXXXXXXXXXXXXXXXXXXXXXXXXXXXXXXXXXXXXXXXX X
XXXXXXX XXXXXXXXXXXXXXXXXXXXXXXXX*XXX*X*XXXXXXXXXXXXXXXXXXXXXXXXXXXXXXXXXXXXXXXXXXXXXXXXXXXXXXXXXXX X
XXXXXXX     XXXXXXXXXXXXXXXXXXXXX*****X*XXXXXXXXXXXXXXXXXXXXXXXXXXXXXXXXXXXXXXXXXXXXXXXXXXXXXXXXXXX X
XXXXXXXXXXX XXXXXXXXXXXXXXXXXXXXXXXXXXX*XXXXXXXXXXXXXXXXXXXXXXXXXXXXXXXXXXXXXXXXXXXXXXXXXXXXXXXXXXX X
XXXXXXX     XXXXXXXXXXXXXXXXXXXXXXXXXXX*XXXXXXXXXXXXXXXXXXXXXXXXXXXXXXXXXXXXXXXXXXXXXXXXXXXXXXXXXXX X
XXXXXXX XXXXXXXXXXXXXXXXXXXXXXXXXXXXXXX*XXXXXXXXXXXXXXXXXXXXXXXXXXXXXXXXXXXXXXXXXXXXXXXXXXXXXXXXXXX X
XXXXXXX   XXXXXXXXXXXXXXXXXXXXXXXXXXXXX*XXXXXXXXXXXXXXXXXXXXXXXXXXXXXXXXXXXXXXXXXXXXXXXXXXXXXXXXX   X
XXXXXXXXX XXXXXXXXXXXXXXXXXXXXXXXXXXXXX*XXXXXXXXXXXXXXXXXXXXXXXXXXXXXXXXXXXXXXXXXXXXXXXXXXXXXXXXX XXX
XXXXX     XXXXXXXXXXXXXXXXXXXXXXXXXXXXX*XXXXXXXXXXXXXXXXXXXXXXXXXXXXXXXXXXXXXXXXXXXXXXXXXXXXXXXXX   X
XXXXX XXXXXXXXXXXXXXXXXXXXXXXXXXXXXXXXX*XXXXXXXXXXXXXXXXXXXXXXXXXXXXXXXXXXXXXXXXXXXXXXXXXXXXXXXXXXX X
XXX   XXXXXXXXXXXXXXXXXXXXXXXXXXXXXXXXX***XXXXXXXXXXXXXXXXXXXXXXXXXXXXXXXXXXXXXXXXXXXXXXXXXXXXXXXXX X
XXX XXXXXXXXXXXXXXXXXXXXXXXXXXXXXXXXXXXXX*XXXXXXXXXXXXXXXXXXXXXXXXXXXXXXXXXXXXXXXXXXXXXXXXXXXXXXXXX X
X   XXXXXXXXXXXXXXXXXXXXXXXXXXXXXXXXXXXXX*XXXXXXXXXXXXXXXXXXXXXXXXXXXXXXXXXXXXXXXXXXXXXXXXXXXXXXXXX X
X XXXXXXXXXXXXXXXXXXXXXXXXXXXXXXXXXXXXXXX*XXXXXXXXXXXXXXXXXXXXXXXXXXXXXXXXXXXXXXXXXXXXXXXXXXXXXXXXX X
X XXXXXXXXXXXXXXXXXXXXXXXXXXXXXXXXXXXXXXX*XXXXXXXXXXXXXXXXXXXXXXXXXXXXXXXXXXXXXXXXXXXXXXXXXXXXXXXXX X
X XXXXXXXXXXXXXXXXXXXXXXXXXXXXXXXXXXXXXXX*XXXXXXXXXXXXXXXXXXXXXXXXXXXXXXXXXXXXXXXXXXXXXXXXXXXXXXXXX X
X XXXXXXXXXXXXXXXXXXXXXXXXXXXXXXXXXXXXXXX*XXXXXXXXXXXXXXXXXXXXXXXXXXXXXXXXXXXXXXXXXXXXXXXXXXXXXXXXX X
X XXXXXXXXXXXXXXXXXXXXXXXXXXXXXXXXXXXXXXX*XXXXXXXXXXXXXXXXXXXXXXXXXXXXXXXXXXXXXXXXXXXXXXXXXXXXXXXXX X
X XXXXXXXXXXXXXXXXXXXXXXXXXXXXXXXXXXXXXXX*XXXXXXXXXXXXXXXXXXXXXXXXXXXXXXXXXXXXXXXXXXXXXXXXXXXXXXXXX X
X XXXXXXXXXXXXXXXXXXXXXXXXXXXXXXXXXXXXXXX*XXXXXXXXXXXXXXXXXXXXXXXXXXXXXXXXXXXXXXXXXXXXXXXXXXXXXXXXX X
X   XXXXXXXXXXXXXXXXXXXXXXXXXXXXXXXXXXXXX***XXXXXXXXXXXXXXXXXXXXXXXXXXXXXXXXXXXXXXXXXXXXXXXXXXX     X
XXX XXXXXXXXXXXXXXXXXXXXXXXXXXXXXXXXXXXXXXX*XXXXXXXXXXXXXXXXXXXXXXXXXXXXXXXXXXXXXXXXXXXXXXXXXXX XXXXX
XXX   XXXXXXXXXXXXXXXXXXXXXXXXX   XXXXXXX***XXXXXXXXXXXXXXXXXXXXXXXXXXXXXXXXXXXXXXXXXXXXXXXXXXX XXXXX
XXXXX XXXXXXXXXXXXXXXXXXXXXXXXX X XXXXXXX*XXXXXXXXXXXXXXXXXXXXXXXXXXXXXXXXXXXXXXXXXXXXXXXXXXXXX XXXXX
XXXXX   XXXXXXXXXXXXXXXXXXXXXXX X XXX    *XXXXXXXXXXXXXXXXXXXXXXXXXXXXXXXXXXXXXXXXXXXXXXXXXXXXX XXXXX
XXXXXXX XXXXXXXXXXXXXXXXXXXXXXX X XXX XXX*XXXXXXXXXXXXXXXXXXXXXXXXXXXXXXXXXXXXXXXXXXXXXXXXXXXXX XXXXX
XXXXXXX XXXXXXXXXXXXXXXXXXXXX   X   X XB**XXXXXXXXXXXXXXXXXXXXXXXXXXXXXXXXXXXXXXXXXXXXXXXXXXXXX XXXXX
XXXXXXX XXXXXXXXXXXXXXXXXXXXX XXXXX X XXX XXXXXXXXXXXXXXXXXXXXXXXXXXXXXXXXXXXXXXXXXXXXXXXXXXXXX XXXXX
XXXXX   XXXXXXXXXXXXXXXXXXX   XXXXX   XXX XXXXXXXXXXXXXXXXXXXXXXXXXXXXXXXXXXXXXXXXXXXXXXX         XXX
XXXXX XXXXXXXXXXXXXXXXXXXXX XXXXXXXXXXXXX XXXXXXXXXXXXXXXXXXXXXXXXXXXXXXXXXXXXXXXXXXXXXXX XXXXXXX XXX
XXX   XXXXXXXXXXXXXXXXXXXXX XXXXX     X   XXXXXXXXXXXXXXXXXXXXXXXXXXXXXXXXXXXXXXXXXXXXXXX XXXXXXX XXX
XXX XXXXXXXXXXXXXXXXXXXXXXX XXXXX X X X XXXXXXXXXXXXXXXXXXXXXXXXXXXXXXXXXXXXXXXXXXXXXXXXX XXXXXXX XXX
XXX XXXXXXXXXXXXXXXXXXXXXXX       X X X XXXXXXXXXXXXXXXXXXXXXXXXXXXXXXXXXXXXXXXXXXXXXXXXX XXXXXXX XXX
XXX XXXXXXXXXXXXXXXXXXXXXXXXXXXXXXX X X XXXXXXXXXXXXXXXXXXXXXXXXXXXXXXXXXXXXXXXXXXXXXXXXX XXXXXXX XXX
XXX   XXXXXXXXXXXXXXXXXXXXXXXXXXXXX X X XXXXXXXXXXXXXXXXXXXXXXXXXXXXXXXXXXXXXXXXXXX   XXX XXXXXXX XXX
XXXXX XXXXXXXXXXXXXXXXXXXXXXXXXXXXX X X XXXXXXXXXXXXXXXXXXXXXXXXXXXXXXXXXXXXXXXXXXX X XXX XXXXXXX XXX
XXXXX XXXXXXXXXXXXXXXXXXXXXXX       X   XXXXXXXXXXXXXXXXXXXXXXXXXXXXXXXXXXXXXXXXXXX X     XXXXXXX XXX
XXXXX XXXXXXXXXXXXXXXXXXXXXXX XXXXXXX XXXXXXXXXXXXXXXXXXXXXXXXXXXXXXXXXXXXXXXXXXXXX XXXXXXXXXXXXX XXX
XXXXX XXXXXXXXXXXXXXXXXXXXXXX XXXXX   XXXXXXXXXXXXXXXXXXXXXXXXXXXXXXXXXXXXXXXXXXX   XXXXXXXXXXXXX   X
XXXXX XXXXXXXXXXXXXXXXXXXXXXX XXXXX XXXXXXXXXXXXXXXXXXXXXXXXXXXXXXXXXXXXXXXXXXXXX XXXXXXXXXXXXXXXXX X
XXXXX XXXXXXXXXXXXXXXXXXXXXXX XXXXX XXXXXXXXXXXXXXXXXXXXXXXXXXXXXXXXXXXXXXXXXXX   XXXXXXX   XXX     X
XXXXX XXXXXXXXXXXXXXXXXXXXXXX XXXXX XXXXXXXXXXXXXXXXXXXXXXXXXXXXXXXXXXXXXXXXXXX XXXXXXXXX X XXX XXXXX
XXXXX   XXXXXXXXXXXXXXXXX       X   XXXXXXXXXXXXXXXXXXXXXXXXXXXXXXXXXXXXXXXXXXX XXXXXXXXX X X   XXXXX
XXXXXXX XXXXXXXXXXXXXXXXX XXXXX X XXXXXXXXXXXXXXXXXXXXXXXXXXXXXXXXXXXXXXXXXXXXX XXXXXXXXX X X XXXXXXX
XXXXXXX                   XXXXX   XXXXXXXXXXXXXXXXXXXXXXXXXXXXXXXXXXXXXXXXXXXXX           X   XXXXXXX
XXXXXXXXXXXXXXXXXXXXXXXXXXXXXXXXXXXXXXXXXXXXXXXXXXXXXXXXXXXXXXXXXXXXXXXXXXXXXXXXXXXXXXXXXXXXXXXXXXXXX
